This is pdfTeX, Version 3.14159265-2.6-1.40.20 (TeX Live 2019) (preloaded format=pdflatex 2020.3.24)  25 MAR 2020 17:49
entering extended mode
 restricted \write18 enabled.
 file:line:error style messages enabled.
 %&-line parsing enabled.
**"Deep Learning Note.md"
(./Deep Learning Note.md
LaTeX2e <2020-02-02> patch level 5
L3 programming layer <2020-02-25>
./Deep Learning Note.md:1: You can't use `macro parameter character #' in verti
cal mode.
l.1 #
      Deep Learning Notebook
? 
./Deep Learning Note.md:1: Emergency stop.
l.1 #
      Deep Learning Notebook
End of file on the terminal!

 
Here is how much of TeX's memory you used:
 17 strings out of 480994
 429 string characters out of 5912142
 237785 words of memory out of 5000000
 15629 multiletter control sequences out of 15000+600000
 532338 words of font info for 24 fonts, out of 8000000 for 9000
 1141 hyphenation exceptions out of 8191
 12i,0n,15p,79b,8s stack positions out of 5000i,500n,10000p,200000b,80000s
./Deep Learning Note.md:1:  ==> Fatal error occurred, no output PDF file produc
ed!
